<?xml version="1.0" encoding="UTF-8"?>
<!-- Generated by org.testng.reporters.JUnitReportReporter -->
<testsuite hostname="Asus" failures="0" tests="1" name="tests.Login" time="20.216" errors="0" timestamp="2022-04-07T23:20:21 AST" skipped="0">
  <testcase classname="tests.Login" name="loginFlow" time="20.216"/>
  <system-out/>
</testsuite> <!-- tests.Login -->
