<?xml version="1.0" encoding="UTF-8"?>
<!-- Generated by org.testng.reporters.JUnitReportReporter -->
<testsuite hostname="Asus" failures="0" tests="1" name="tests.Additems" time="46.893" errors="0" timestamp="2022-04-10T01:55:00 AST" skipped="0">
  <testcase classname="tests.Additems" name="searchandadd" time="46.893"/>
  <system-out/>
</testsuite> <!-- tests.Additems -->
